<?xml version="1.0" encoding="UTF-8"?>
<TestRun id="449b58f5-2069-4888-9953-289202ca6522" name="dzhariy@DZ 2012-05-07 02:06:14" runUser="dz\dzhariy" xmlns="http://microsoft.com/schemas/VisualStudio/TeamTest/2010">
  <TestSettings name="Local" id="3d48025b-f55d-4b27-a171-1ac14565f9b6">
    <Description>These are default test settings for a local test run.</Description>
    <Deployment userDeploymentRoot="D:\projects\TicTacToe\AutoTic\TestResults" useDefaultDeploymentRoot="false" enabled="false" runDeploymentRoot="dzhariy_DZ 2012-05-07 02_06_14">
      <DeploymentItem filename="D:\projects\TicTacToe\AutoTic\packages\NUnit.2.6.0.12054\lib\nunit.framework.dll" />
      <DeploymentItem filename="D:\projects\TicTacToe\AutoTic\AutoTic.Core\bin\Debug\AutoTic.Core.dll" />
      <DeploymentItem filename="D:\projects\TicTacToe\AutoTic\packages\WatiN.2.1.0\lib\net40\Interop.SHDocVw.dll" />
      <DeploymentItem filename="D:\projects\TicTacToe\AutoTic\packages\WatiN.2.1.0\lib\net40\WatiN.Core.dll" />
      <DeploymentItem filename="D:\projects\TicTacToe\AutoTic\AutoTic.TestModel\bin\Debug\AutoTic.TestModel.dll" />
      <DeploymentItem filename="C:\Program Files (x86)\TechTalk\SpecFlow\TechTalk.SpecFlow.dll" />
    </Deployment>
    <Execution>
      <TestTypeSpecific />
      <AgentRule name="Execution Agents">
      </AgentRule>
    </Execution>
  </TestSettings>
  <Times creation="2012-05-07T02:06:14.9719029+03:00" queuing="2012-05-07T02:06:15.0719086+03:00" start="2012-05-07T02:06:15.1039104+03:00" finish="2012-05-07T02:06:22.1543137+03:00" />
  <ResultSummary outcome="Failed">
    <Counters total="1" executed="1" error="0" failed="1" timeout="0" aborted="0" inconclusive="0" passedButRunAborted="0" notRunnable="0" notExecuted="0" disconnected="0" warning="0" passed="0" completed="0" inProgress="0" pending="0" />
  </ResultSummary>
  <TestDefinitions>
    <UnitTest name="CrossesMoveFirstAndWinWhen3IconsAppearInARowDiagonally" storage="d:\projects\tictactoe\autotic\autotic.tests\bin\debug\autotic.tests.dll" id="2fa1cec8-5611-9a60-9349-c83b1ae4df78">
      <Description>Crosses move first and win when 3 icons appear in a row diagonally</Description>
      <Execution id="65e43e35-60fb-4cad-9dab-91715c5f6125" />
      <Properties>
        <Property>
          <Key>FeatureTitle</Key>
          <Value>F10 User Winning terms and conditions</Value>
        </Property>
      </Properties>
      <TestMethod codeBase="D:/projects/TicTacToe/AutoTic/AutoTic.Tests/bin/Debug/AutoTic.Tests.DLL" adapterTypeName="Microsoft.VisualStudio.TestTools.TestTypes.Unit.UnitTestAdapter, Microsoft.VisualStudio.QualityTools.Tips.UnitTest.Adapter, Version=10.0.0.0, Culture=neutral, PublicKeyToken=b03f5f7f11d50a3a" className="AutoTic.Tests.FeatureSet.F10UserWinningTermsAndConditionsFeature, AutoTic.Tests, Version=1.0.0.0, Culture=neutral, PublicKeyToken=null" name="CrossesMoveFirstAndWinWhen3IconsAppearInARowDiagonally" />
    </UnitTest>
  </TestDefinitions>
  <TestLists>
    <TestList name="Results Not in a List" id="8c84fa94-04c1-424b-9868-57a2d4851a1d" />
    <TestList name="All Loaded Results" id="19431567-8539-422a-85d7-44ee4e166bda" />
  </TestLists>
  <TestEntries>
    <TestEntry testId="2fa1cec8-5611-9a60-9349-c83b1ae4df78" executionId="65e43e35-60fb-4cad-9dab-91715c5f6125" testListId="8c84fa94-04c1-424b-9868-57a2d4851a1d" />
  </TestEntries>
  <Results>
    <UnitTestResult executionId="65e43e35-60fb-4cad-9dab-91715c5f6125" testId="2fa1cec8-5611-9a60-9349-c83b1ae4df78" testName="CrossesMoveFirstAndWinWhen3IconsAppearInARowDiagonally" computerName="DZ" duration="00:00:06.1517977" startTime="2012-05-07T02:06:15.1189113+03:00" endTime="2012-05-07T02:06:22.0843097+03:00" testType="13cdc9d9-ddb5-4fa4-a97d-d965ccfc6d4b" outcome="Failed" testListId="8c84fa94-04c1-424b-9868-57a2d4851a1d" relativeResultsDirectory="65e43e35-60fb-4cad-9dab-91715c5f6125">
      <Output>
        <StdOut>Given New Game. The PlayerX is 'Human' and PlayerO is 'Human'
-&gt; done: F10_User_Winning_terms_and_conditions.GivenNewGame_ThePlayerXIsHumanAndPlayerOIsHuman("Human", "Human") (4,1s)
Given Crosses start the game
-&gt; done: F10_User_Winning_terms_and_conditions.GivenCrossesMovesFirst() (0,0s)
And The game situation is the following:
  --- table step argument ---
  | A | B | C |
  |   | O |   |
  |   | X | O |
  | X |   |   |
-&gt; done: F10_User_Winning_terms_and_conditions.GivenTheGameSituationIsTheFollowing(&lt;table&gt;) (1,0s)
When Crosses make a move to cell 'C1'
-&gt; done: F10_User_Winning_terms_and_conditions.WhenCrossesMakeAMoveToCellC1("C1") (0,1s)
Then PlayerX Wins Cound should be '1'
-&gt; error: Assert.AreEqual failed. Expected:&lt;1&gt;. Actual:&lt;0&gt;.</StdOut>
        <ErrorInfo>
          <Message>Assert.AreEqual failed. Expected:&lt;1&gt;. Actual:&lt;0&gt;. </Message>
          <StackTrace>   at AutoTic.Tests.Feature_Set.Step_Definitions.F10_User_Winning_terms_and_conditions.ThenPlayerXWinsCoundShouldBe1(Int32 WinsCount) in D:\projects\TicTacToe\AutoTic\AutoTic.Tests\Feature Set\Step Definitions\F10 User Winning terms and conditions.cs:line 71
   at lambda_method(Closure , IContextManager , Int32 )
   at TechTalk.SpecFlow.Bindings.MethodBinding.InvokeAction(IContextManager contextManager, Object[] arguments, ITestTracer testTracer, TimeSpan&amp; duration)
   at TechTalk.SpecFlow.Bindings.StepDefinitionBinding.Invoke(IContextManager contextManager, ITestTracer testTracer, Object[] arguments, TimeSpan&amp; duration)
   at TechTalk.SpecFlow.Infrastructure.TestExecutionEngine.ExecuteStepMatch(BindingMatch match, Object[] arguments)
   at TechTalk.SpecFlow.Infrastructure.TestExecutionEngine.ExecuteStep(StepArgs stepArgs)
   at TechTalk.SpecFlow.Infrastructure.TestExecutionEngine.OnAfterLastStep()
   at TechTalk.SpecFlow.TestRunner.CollectScenarioErrors()
   at AutoTic.Tests.FeatureSet.F10UserWinningTermsAndConditionsFeature.ScenarioCleanup() in D:\projects\TicTacToe\AutoTic\AutoTic.Tests\Feature Set\F10 User Winning terms and conditions.feature.cs:line 0
   at AutoTic.Tests.FeatureSet.F10UserWinningTermsAndConditionsFeature.CrossesMoveFirstAndWinWhen3IconsAppearInARowDiagonally() in d:\projects\TicTacToe\AutoTic\AutoTic.Tests\Feature Set\F10 User Winning terms and conditions.feature:line 18
</StackTrace>
        </ErrorInfo>
      </Output>
    </UnitTestResult>
  </Results>
</TestRun>